<?xml version="1.0" encoding="UTF-8"?>
<coverage generated="1581359341089" clover="3.2.0">
  <project timestamp="1581359341089" name="All files">
    <metrics statements="11" coveredstatements="11" conditionals="0" coveredconditionals="0" methods="4" coveredmethods="4" elements="15" coveredelements="15" complexity="0" loc="11" ncloc="11" packages="4" files="5" classes="5"/>
    <package name="react-native-login">
      <metrics statements="1" coveredstatements="1" conditionals="0" coveredconditionals="0" methods="1" coveredmethods="1"/>
      <file name="App.js" path="/Users/ritaperez/Desktop/MedTegritas/react-native-login/App.js">
        <metrics statements="1" coveredstatements="1" conditionals="0" coveredconditionals="0" methods="1" coveredmethods="1"/>
        <line num="9" count="1" type="stmt"/>
      </file>
    </package>
    <package name="react-native-login.assets">
      <metrics statements="0" coveredstatements="0" conditionals="0" coveredconditionals="0" methods="0" coveredmethods="0"/>
      <file name="Main_style.js" path="/Users/ritaperez/Desktop/MedTegritas/react-native-login/assets/Main_style.js">
        <metrics statements="0" coveredstatements="0" conditionals="0" coveredconditionals="0" methods="0" coveredmethods="0"/>
      </file>
    </package>
    <package name="react-native-login.assets.testing_src">
      <metrics statements="3" coveredstatements="3" conditionals="0" coveredconditionals="0" methods="0" coveredmethods="0"/>
      <file name="Regular_expresions_login.js" path="/Users/ritaperez/Desktop/MedTegritas/react-native-login/assets/testing_src/Regular_expresions_login.js">
        <metrics statements="3" coveredstatements="3" conditionals="0" coveredconditionals="0" methods="0" coveredmethods="0"/>
        <line num="1" count="1" type="stmt"/>
        <line num="3" count="1" type="stmt"/>
        <line num="5" count="1" type="stmt"/>
      </file>
    </package>
    <package name="react-native-login.components">
      <metrics statements="7" coveredstatements="7" conditionals="0" coveredconditionals="0" methods="3" coveredmethods="3"/>
      <file name="Login.js" path="/Users/ritaperez/Desktop/MedTegritas/react-native-login/components/Login.js">
        <metrics statements="5" coveredstatements="5" conditionals="0" coveredconditionals="0" methods="2" coveredmethods="2"/>
        <line num="14" count="3" type="stmt"/>
        <line num="15" count="3" type="stmt"/>
        <line num="28" count="3" type="stmt"/>
        <line num="62" count="1" type="stmt"/>
        <line num="113" count="1" type="stmt"/>
      </file>
      <file name="SignUp.js" path="/Users/ritaperez/Desktop/MedTegritas/react-native-login/components/SignUp.js">
        <metrics statements="2" coveredstatements="2" conditionals="0" coveredconditionals="0" methods="1" coveredmethods="1"/>
        <line num="12" count="1" type="stmt"/>
        <line num="67" count="1" type="stmt"/>
      </file>
    </package>
  </project>
</coverage>
