<?xml version="1.0" encoding="UTF-8"?>
<coverage generated="1581089420352" clover="3.2.0">
  <project timestamp="1581089420352" name="All files">
    <metrics statements="20" coveredstatements="7" conditionals="0" coveredconditionals="0" methods="9" coveredmethods="0" elements="29" coveredelements="7" complexity="0" loc="20" ncloc="20" packages="4" files="5" classes="5"/>
    <package name="react-native-login">
      <metrics statements="4" coveredstatements="0" conditionals="0" coveredconditionals="0" methods="4" coveredmethods="0"/>
      <file name="App.js" path="/Users/ritaperez/Desktop/MedTegritas/react-native-login/App.js">
        <metrics statements="4" coveredstatements="0" conditionals="0" coveredconditionals="0" methods="4" coveredmethods="0"/>
        <line num="9" count="0" type="stmt"/>
        <line num="12" count="0" type="stmt"/>
        <line num="15" count="0" type="stmt"/>
        <line num="18" count="0" type="stmt"/>
      </file>
    </package>
    <package name="react-native-login.assets">
      <metrics statements="3" coveredstatements="0" conditionals="0" coveredconditionals="0" methods="0" coveredmethods="0"/>
      <file name="Main_style.js" path="/Users/ritaperez/Desktop/MedTegritas/react-native-login/assets/Main_style.js">
        <metrics statements="3" coveredstatements="0" conditionals="0" coveredconditionals="0" methods="0" coveredmethods="0"/>
        <line num="3" count="0" type="stmt"/>
        <line num="4" count="0" type="stmt"/>
        <line num="6" count="0" type="stmt"/>
      </file>
    </package>
    <package name="react-native-login.assets.testing_src">
      <metrics statements="3" coveredstatements="3" conditionals="0" coveredconditionals="0" methods="0" coveredmethods="0"/>
      <file name="Regular_expresions_login.js" path="/Users/ritaperez/Desktop/MedTegritas/react-native-login/assets/testing_src/Regular_expresions_login.js">
        <metrics statements="3" coveredstatements="3" conditionals="0" coveredconditionals="0" methods="0" coveredmethods="0"/>
        <line num="1" count="1" type="stmt"/>
        <line num="3" count="1" type="stmt"/>
        <line num="5" count="1" type="stmt"/>
      </file>
    </package>
    <package name="react-native-login.components">
      <metrics statements="10" coveredstatements="4" conditionals="0" coveredconditionals="0" methods="5" coveredmethods="0"/>
      <file name="Login.js" path="/Users/ritaperez/Desktop/MedTegritas/react-native-login/components/Login.js">
        <metrics statements="6" coveredstatements="2" conditionals="0" coveredconditionals="0" methods="3" coveredmethods="0"/>
        <line num="13" count="0" type="stmt"/>
        <line num="14" count="0" type="stmt"/>
        <line num="22" count="0" type="stmt"/>
        <line num="39" count="0" type="stmt"/>
        <line num="56" count="1" type="stmt"/>
        <line num="107" count="1" type="stmt"/>
      </file>
      <file name="SignUp.js" path="/Users/ritaperez/Desktop/MedTegritas/react-native-login/components/SignUp.js">
        <metrics statements="4" coveredstatements="2" conditionals="0" coveredconditionals="0" methods="2" coveredmethods="0"/>
        <line num="12" count="0" type="stmt"/>
        <line num="53" count="0" type="stmt"/>
        <line num="67" count="1" type="stmt"/>
        <line num="120" count="1" type="stmt"/>
      </file>
    </package>
  </project>
</coverage>
