{"/Users/ritaperez/Desktop/MedTegritas/react-native-login/App.js": {"path":"/Users/ritaperez/Desktop/MedTegritas/react-native-login/App.js","statementMap":{"0":{"start":{"line":9,"column":4},"end":{"line":18,"column":7}}},"fnMap":{"0":{"name":"(anonymous_0)","decl":{"start":{"line":8,"column":2},"end":{"line":8,"column":3}},"loc":{"start":{"line":8,"column":11},"end":{"line":19,"column":3}},"line":8}},"branchMap":{},"s":{"0":1},"f":{"0":1},"b":{},"_coverageSchema":"43e27e138ebf9cfc5966b082cf9a028302ed4184","hash":"e360e9c562f2df99cc94f5a5564fc9665fcf846e"}
,"/Users/ritaperez/Desktop/MedTegritas/react-native-login/assets/Main_style.js": {"path":"/Users/ritaperez/Desktop/MedTegritas/react-native-login/assets/Main_style.js","statementMap":{},"fnMap":{},"branchMap":{},"s":{},"f":{},"b":{},"hash":"eda7a0de83c77acee191a3ef2232c6ea63548530"}
,"/Users/ritaperez/Desktop/MedTegritas/react-native-login/assets/testing_src/Regular_expresions_login.js": {"path":"/Users/ritaperez/Desktop/MedTegritas/react-native-login/assets/testing_src/Regular_expresions_login.js","statementMap":{"0":{"start":{"line":1,"column":17},"end":{"line":1,"column":77}},"1":{"start":{"line":3,"column":12},"end":{"line":3,"column":132}},"2":{"start":{"line":5,"column":20},"end":{"line":5,"column":68}}},"fnMap":{},"branchMap":{},"s":{"0":1,"1":1,"2":1},"f":{},"b":{},"_coverageSchema":"43e27e138ebf9cfc5966b082cf9a028302ed4184","hash":"c32510ad5a5357e80b3916f66e5607b26c75690e"}
,"/Users/ritaperez/Desktop/MedTegritas/react-native-login/components/Login.js": {"path":"/Users/ritaperez/Desktop/MedTegritas/react-native-login/components/Login.js","statementMap":{"0":{"start":{"line":13,"column":6},"end":{"line":13,"column":14}},"1":{"start":{"line":14,"column":6},"end":{"line":18,"column":7}},"2":{"start":{"line":20,"column":19},"end":{"line":26,"column":5}},"3":{"start":{"line":21,"column":6},"end":{"line":23,"column":8}},"4":{"start":{"line":25,"column":6},"end":{"line":25,"column":29}},"5":{"start":{"line":28,"column":24},"end":{"line":31,"column":5}},"6":{"start":{"line":30,"column":6},"end":{"line":30,"column":18}},"7":{"start":{"line":34,"column":4},"end":{"line":65,"column":4}},"8":{"start":{"line":45,"column":137},"end":{"line":45,"column":175}},"9":{"start":{"line":50,"column":18},"end":{"line":50,"column":60}},"10":{"start":{"line":69,"column":15},"end":{"line":119,"column":2}},"11":{"start":{"line":120,"column":0},"end":{"line":120,"column":21}}},"fnMap":{"0":{"name":"(anonymous_0)","decl":{"start":{"line":12,"column":4},"end":{"line":12,"column":5}},"loc":{"start":{"line":12,"column":17},"end":{"line":19,"column":5}},"line":12},"1":{"name":"(anonymous_1)","decl":{"start":{"line":20,"column":19},"end":{"line":20,"column":20}},"loc":{"start":{"line":20,"column":36},"end":{"line":26,"column":5}},"line":20},"2":{"name":"(anonymous_2)","decl":{"start":{"line":28,"column":24},"end":{"line":28,"column":25}},"loc":{"start":{"line":28,"column":30},"end":{"line":31,"column":5}},"line":28},"3":{"name":"(anonymous_3)","decl":{"start":{"line":33,"column":4},"end":{"line":33,"column":5}},"loc":{"start":{"line":33,"column":13},"end":{"line":66,"column":1}},"line":33},"4":{"name":"(anonymous_4)","decl":{"start":{"line":45,"column":120},"end":{"line":45,"column":121}},"loc":{"start":{"line":45,"column":137},"end":{"line":45,"column":175}},"line":45},"5":{"name":"(anonymous_5)","decl":{"start":{"line":49,"column":105},"end":{"line":49,"column":106}},"loc":{"start":{"line":49,"column":122},"end":{"line":51,"column":17}},"line":49}},"branchMap":{},"s":{"0":6,"1":6,"2":6,"3":5,"4":5,"5":6,"6":1,"7":11,"8":1,"9":1,"10":1,"11":1},"f":{"0":6,"1":5,"2":1,"3":11,"4":1,"5":1},"b":{},"_coverageSchema":"43e27e138ebf9cfc5966b082cf9a028302ed4184","hash":"82bba160ef2019c0920295f71023f67f9ff9079e"}
,"/Users/ritaperez/Desktop/MedTegritas/react-native-login/components/SignUp.js": {"path":"/Users/ritaperez/Desktop/MedTegritas/react-native-login/components/SignUp.js","statementMap":{"0":{"start":{"line":12,"column":4},"end":{"line":61,"column":6}},"1":{"start":{"line":67,"column":15},"end":{"line":119,"column":2}}},"fnMap":{"0":{"name":"(anonymous_0)","decl":{"start":{"line":11,"column":4},"end":{"line":11,"column":5}},"loc":{"start":{"line":11,"column":13},"end":{"line":62,"column":3}},"line":11}},"branchMap":{},"s":{"0":1,"1":1},"f":{"0":1},"b":{},"_coverageSchema":"43e27e138ebf9cfc5966b082cf9a028302ed4184","hash":"92b535832562033818ed1af2f3ef3d1807d2295e"}
}
