TN:
SF:/Users/ritaperez/Desktop/MedTegritas/react-native-login/App.js
FN:8,(anonymous_0)
FNF:1
FNH:1
FNDA:1,(anonymous_0)
DA:9,1
LF:1
LH:1
BRF:0
BRH:0
end_of_record
TN:
SF:/Users/ritaperez/Desktop/MedTegritas/react-native-login/assets/Main_style.js
FNF:0
FNH:0
LF:0
LH:0
BRF:0
BRH:0
end_of_record
TN:
SF:/Users/ritaperez/Desktop/MedTegritas/react-native-login/assets/testing_src/Regular_expresions_login.js
FNF:0
FNH:0
DA:1,1
DA:3,1
DA:5,1
LF:3
LH:3
BRF:0
BRH:0
end_of_record
TN:
SF:/Users/ritaperez/Desktop/MedTegritas/react-native-login/components/Login.js
FN:12,(anonymous_0)
FN:20,(anonymous_1)
FN:28,(anonymous_2)
FN:33,(anonymous_3)
FN:45,(anonymous_4)
FN:49,(anonymous_5)
FNF:6
FNH:6
FNDA:6,(anonymous_0)
FNDA:5,(anonymous_1)
FNDA:1,(anonymous_2)
FNDA:11,(anonymous_3)
FNDA:1,(anonymous_4)
FNDA:1,(anonymous_5)
DA:13,6
DA:14,6
DA:20,6
DA:21,5
DA:25,5
DA:28,6
DA:30,1
DA:34,11
DA:45,1
DA:50,1
DA:69,1
DA:120,1
LF:12
LH:12
BRF:0
BRH:0
end_of_record
TN:
SF:/Users/ritaperez/Desktop/MedTegritas/react-native-login/components/SignUp.js
FN:11,(anonymous_0)
FNF:1
FNH:1
FNDA:1,(anonymous_0)
DA:12,1
DA:67,1
LF:2
LH:2
BRF:0
BRH:0
end_of_record
