TN:
SF:/Users/ritaperez/Desktop/MedTegritas/react-native-login/App.js
FN:8,(anonymous_0)
FNF:1
FNH:1
FNDA:1,(anonymous_0)
DA:9,1
LF:1
LH:1
BRF:0
BRH:0
end_of_record
TN:
SF:/Users/ritaperez/Desktop/MedTegritas/react-native-login/assets/Main_style.js
FNF:0
FNH:0
LF:0
LH:0
BRF:0
BRH:0
end_of_record
TN:
SF:/Users/ritaperez/Desktop/MedTegritas/react-native-login/assets/testing_src/Regular_expresions_login.js
FNF:0
FNH:0
DA:1,1
DA:3,1
DA:5,1
LF:3
LH:3
BRF:0
BRH:0
end_of_record
TN:
SF:/Users/ritaperez/Desktop/MedTegritas/react-native-login/components/Login.js
FN:13,(anonymous_0)
FN:22,(anonymous_1)
FN:28,(anonymous_2)
FN:32,(anonymous_3)
FN:44,(anonymous_4)
FN:48,(anonymous_5)
FNF:6
FNH:2
FNDA:3,(anonymous_0)
FNDA:0,(anonymous_1)
FNDA:0,(anonymous_2)
FNDA:3,(anonymous_3)
FNDA:0,(anonymous_4)
FNDA:0,(anonymous_5)
DA:14,3
DA:15,3
DA:22,3
DA:23,0
DA:28,3
DA:29,0
DA:30,0
DA:33,3
DA:44,0
DA:48,0
DA:67,1
DA:118,1
LF:12
LH:7
BRF:0
BRH:0
end_of_record
TN:
SF:/Users/ritaperez/Desktop/MedTegritas/react-native-login/components/SignUp.js
FN:11,(anonymous_0)
FNF:1
FNH:1
FNDA:1,(anonymous_0)
DA:12,1
DA:67,1
LF:2
LH:2
BRF:0
BRH:0
end_of_record
